# IX-Singularis Runtime Integrity Digest Log
# Format: High-resolution timestamped event stream (μs precision)
# Origin: /control/system-health-daemon.md
# Integrity: SHA-3-512 checksum verified

---

[BOOT]
000000000000 µs | SYSTEM BOOT INITIATED
000000003100 µs | ALL MODULES ONLINE
000000004520 µs | PHASE ALIGNMENT LOCKED
000000007440 µs | CRYO-SINK STABILIZED
000000009800 µs | TUNERCORE PHASE MATCHED
000000012340 µs | SYSTEM MARKED STABLE

---

[ACTIVE]
000251293840 µs | PHASE DRIFT 0.4° DETECTED
000251294240 µs | CORRECTIVE ALIGNMENT PULSE ISSUED
000251297300 µs | PHASE STABILITY RESTORED

000753210110 µs | CRYO THERMAL LAG 11.3 ms
000753210510 µs | CRYO BURST ASSIST TRIGGERED
000753212240 µs | CRYO FLOW NOMINAL

001023115900 µs | CONTAINMENT FIELD 91.7% – ALERT LEVEL: WARNING
001023116300 µs | FIELD BOOST INITIATED
001023117020 µs | FIELD LOCK RESTORED

001923777810 µs | NODE SYNC ERROR 3.6 ns
001923778200 µs | NODE PAIR RESYNC TRIGGERED
001923780440 µs | SYNC RESTORED

---

[CRITICAL EVENT]
002885118100 µs | CONTAINMENT FIELD 87.2% – CRITICAL LEVEL
002885118300 µs | EVCA TRIGGERED
002885118450 µs | FIELD COLLAPSE VECTOR INITIATED
002885120520 µs | CONTAINMENT RESTABILIZED
002885122000 µs | STATUS: SAFE HOLD

---

[RECOVERY]
002988891000 µs | CRYO REFLUSH COMPLETE
002988891900 µs | SYNC LOCK CONFIRMED
002988892800 µs | SYSTEM FLAGGED AS STABLE

---

[CHECKSUM]
file_digest = 822A6EF3C5D872C9AFA1E49FBF1239129C6EAB2D3F9E54A0B219FAEC7F8C7D1B901C78DC57FC00BE8A2C8810FD238A73A3A85A90E67190C38EF9A8DCB8D823A3

---

[NOTES]
- All events tagged at 1 μs resolution
- Log file is append-only; all entries cryptographically verified
- Can be exported to `/hardware/blackbox-uart-stream.json` or external secure UART tap

---

[END OF LOG]
